2011/12/15 18:37:21 [error] [exception.CException] exception 'CException' with message 'EventController cannot find the requested view "_form".' in C:\wamp\www\yii\framework\web\CController.php:875
Stack trace:
#0 C:\wamp\www\datepicker\protected\views\event\update.php(18): CController->renderPartial('_form', Array)
#1 C:\wamp\www\yii\framework\web\CBaseController.php(119): require('C:\wamp\www\dat...')
#2 C:\wamp\www\yii\framework\web\CBaseController.php(88): CBaseController->renderInternal('C:\wamp\www\dat...', Array, true)
#3 C:\wamp\www\yii\framework\web\CController.php(866): CBaseController->renderFile('C:\wamp\www\dat...', Array, true)
#4 C:\wamp\www\yii\framework\web\CController.php(779): CController->renderPartial('update', Array, true)
#5 C:\wamp\www\datepicker\protected\controllers\EventController.php(125): CController->render('update', Array)
#6 [internal function]: EventController->actionUpdate('7')
#7 C:\wamp\www\yii\framework\web\actions\CAction.php(104): ReflectionMethod->invokeArgs(Object(EventController), Array)
#8 C:\wamp\www\yii\framework\web\actions\CInlineAction.php(48): CAction->runWithParamsInternal(Object(EventController), Object(ReflectionMethod), Array)
#9 C:\wamp\www\yii\framework\web\CController.php(300): CInlineAction->runWithParams(Array)
#10 C:\wamp\www\yii\framework\web\CController.php(278): CController->runAction(Object(CInlineAction))
#11 C:\wamp\www\yii\framework\web\CController.php(257): CController->runActionWithFilters(Object(CInlineAction), Array)
#12 C:\wamp\www\yii\framework\web\CWebApplication.php(277): CController->run('update')
#13 C:\wamp\www\yii\framework\web\CWebApplication.php(136): CWebApplication->runController('event/update')
#14 C:\wamp\www\yii\framework\base\CApplication.php(158): CWebApplication->processRequest()
#15 C:\wamp\www\datepicker\index.php(13): CApplication->run()
#16 {main} REQUEST_URI=/datepicker/index.php?r=event/update&id=7
2011/12/15 18:37:22 [error] [exception.CException] exception 'CException' with message 'EventController cannot find the requested view "_form".' in C:\wamp\www\yii\framework\web\CController.php:875
Stack trace:
#0 C:\wamp\www\datepicker\protected\views\event\update.php(18): CController->renderPartial('_form', Array)
#1 C:\wamp\www\yii\framework\web\CBaseController.php(119): require('C:\wamp\www\dat...')
#2 C:\wamp\www\yii\framework\web\CBaseController.php(88): CBaseController->renderInternal('C:\wamp\www\dat...', Array, true)
#3 C:\wamp\www\yii\framework\web\CController.php(866): CBaseController->renderFile('C:\wamp\www\dat...', Array, true)
#4 C:\wamp\www\yii\framework\web\CController.php(779): CController->renderPartial('update', Array, true)
#5 C:\wamp\www\datepicker\protected\controllers\EventController.php(125): CController->render('update', Array)
#6 [internal function]: EventController->actionUpdate('7')
#7 C:\wamp\www\yii\framework\web\actions\CAction.php(104): ReflectionMethod->invokeArgs(Object(EventController), Array)
#8 C:\wamp\www\yii\framework\web\actions\CInlineAction.php(48): CAction->runWithParamsInternal(Object(EventController), Object(ReflectionMethod), Array)
#9 C:\wamp\www\yii\framework\web\CController.php(300): CInlineAction->runWithParams(Array)
#10 C:\wamp\www\yii\framework\web\CController.php(278): CController->runAction(Object(CInlineAction))
#11 C:\wamp\www\yii\framework\web\CController.php(257): CController->runActionWithFilters(Object(CInlineAction), Array)
#12 C:\wamp\www\yii\framework\web\CWebApplication.php(277): CController->run('update')
#13 C:\wamp\www\yii\framework\web\CWebApplication.php(136): CWebApplication->runController('event/update')
#14 C:\wamp\www\yii\framework\base\CApplication.php(158): CWebApplication->processRequest()
#15 C:\wamp\www\datepicker\index.php(13): CApplication->run()
#16 {main} REQUEST_URI=/datepicker/index.php?r=event/update&id=7
2011/12/15 18:37:26 [error] [exception.CException] exception 'CException' with message 'EventController cannot find the requested view "edit/form".' in C:\wamp\www\yii\framework\web\CController.php:875
Stack trace:
#0 C:\wamp\www\datepicker\protected\views\event\create.php(15): CController->renderPartial('edit/form', Array)
#1 C:\wamp\www\yii\framework\web\CBaseController.php(119): require('C:\wamp\www\dat...')
#2 C:\wamp\www\yii\framework\web\CBaseController.php(88): CBaseController->renderInternal('C:\wamp\www\dat...', Array, true)
#3 C:\wamp\www\yii\framework\web\CController.php(866): CBaseController->renderFile('C:\wamp\www\dat...', Array, true)
#4 C:\wamp\www\yii\framework\web\CController.php(779): CController->renderPartial('create', Array, true)
#5 C:\wamp\www\datepicker\protected\controllers\EventController.php(89): CController->render('create', Array)
#6 C:\wamp\www\yii\framework\web\actions\CInlineAction.php(50): EventController->actionCreate()
#7 C:\wamp\www\yii\framework\web\CController.php(300): CInlineAction->runWithParams(Array)
#8 C:\wamp\www\yii\framework\web\CController.php(278): CController->runAction(Object(CInlineAction))
#9 C:\wamp\www\yii\framework\web\CController.php(257): CController->runActionWithFilters(Object(CInlineAction), Array)
#10 C:\wamp\www\yii\framework\web\CWebApplication.php(277): CController->run('create')
#11 C:\wamp\www\yii\framework\web\CWebApplication.php(136): CWebApplication->runController('event/create')
#12 C:\wamp\www\yii\framework\base\CApplication.php(158): CWebApplication->processRequest()
#13 C:\wamp\www\datepicker\index.php(13): CApplication->run()
#14 {main} REQUEST_URI=/datepicker/index.php?r=event/create&id=7
2011/12/15 18:40:58 [error] [exception.CException] exception 'CException' with message 'EventController cannot find the requested view "_form".' in C:\wamp\www\yii\framework\web\CController.php:875
Stack trace:
#0 C:\wamp\www\datepicker\protected\views\event\update.php(18): CController->renderPartial('_form', Array)
#1 C:\wamp\www\yii\framework\web\CBaseController.php(119): require('C:\wamp\www\dat...')
#2 C:\wamp\www\yii\framework\web\CBaseController.php(88): CBaseController->renderInternal('C:\wamp\www\dat...', Array, true)
#3 C:\wamp\www\yii\framework\web\CController.php(866): CBaseController->renderFile('C:\wamp\www\dat...', Array, true)
#4 C:\wamp\www\yii\framework\web\CController.php(779): CController->renderPartial('update', Array, true)
#5 C:\wamp\www\datepicker\protected\controllers\EventController.php(125): CController->render('update', Array)
#6 [internal function]: EventController->actionUpdate('8')
#7 C:\wamp\www\yii\framework\web\actions\CAction.php(104): ReflectionMethod->invokeArgs(Object(EventController), Array)
#8 C:\wamp\www\yii\framework\web\actions\CInlineAction.php(48): CAction->runWithParamsInternal(Object(EventController), Object(ReflectionMethod), Array)
#9 C:\wamp\www\yii\framework\web\CController.php(300): CInlineAction->runWithParams(Array)
#10 C:\wamp\www\yii\framework\web\CController.php(278): CController->runAction(Object(CInlineAction))
#11 C:\wamp\www\yii\framework\web\CController.php(257): CController->runActionWithFilters(Object(CInlineAction), Array)
#12 C:\wamp\www\yii\framework\web\CWebApplication.php(277): CController->run('update')
#13 C:\wamp\www\yii\framework\web\CWebApplication.php(136): CWebApplication->runController('event/update')
#14 C:\wamp\www\yii\framework\base\CApplication.php(158): CWebApplication->processRequest()
#15 C:\wamp\www\datepicker\index.php(13): CApplication->run()
#16 {main} REQUEST_URI=/datepicker/index.php?r=event/update&id=8
2011/12/15 18:41:05 [error] [exception.CException] exception 'CException' with message 'EventController cannot find the requested view "_form".' in C:\wamp\www\yii\framework\web\CController.php:875
Stack trace:
#0 C:\wamp\www\datepicker\protected\views\event\update.php(18): CController->renderPartial('_form', Array)
#1 C:\wamp\www\yii\framework\web\CBaseController.php(119): require('C:\wamp\www\dat...')
#2 C:\wamp\www\yii\framework\web\CBaseController.php(88): CBaseController->renderInternal('C:\wamp\www\dat...', Array, true)
#3 C:\wamp\www\yii\framework\web\CController.php(866): CBaseController->renderFile('C:\wamp\www\dat...', Array, true)
#4 C:\wamp\www\yii\framework\web\CController.php(779): CController->renderPartial('update', Array, true)
#5 C:\wamp\www\datepicker\protected\controllers\EventController.php(125): CController->render('update', Array)
#6 [internal function]: EventController->actionUpdate('9')
#7 C:\wamp\www\yii\framework\web\actions\CAction.php(104): ReflectionMethod->invokeArgs(Object(EventController), Array)
#8 C:\wamp\www\yii\framework\web\actions\CInlineAction.php(48): CAction->runWithParamsInternal(Object(EventController), Object(ReflectionMethod), Array)
#9 C:\wamp\www\yii\framework\web\CController.php(300): CInlineAction->runWithParams(Array)
#10 C:\wamp\www\yii\framework\web\CController.php(278): CController->runAction(Object(CInlineAction))
#11 C:\wamp\www\yii\framework\web\CController.php(257): CController->runActionWithFilters(Object(CInlineAction), Array)
#12 C:\wamp\www\yii\framework\web\CWebApplication.php(277): CController->run('update')
#13 C:\wamp\www\yii\framework\web\CWebApplication.php(136): CWebApplication->runController('event/update')
#14 C:\wamp\www\yii\framework\base\CApplication.php(158): CWebApplication->processRequest()
#15 C:\wamp\www\datepicker\index.php(13): CApplication->run()
#16 {main} REQUEST_URI=/datepicker/index.php?r=event/update&id=9
2011/12/15 18:41:49 [error] [exception.CException] exception 'CException' with message 'EventController cannot find the requested view "_form".' in C:\wamp\www\yii\framework\web\CController.php:875
Stack trace:
#0 C:\wamp\www\datepicker\protected\views\event\update.php(18): CController->renderPartial('_form', Array)
#1 C:\wamp\www\yii\framework\web\CBaseController.php(119): require('C:\wamp\www\dat...')
#2 C:\wamp\www\yii\framework\web\CBaseController.php(88): CBaseController->renderInternal('C:\wamp\www\dat...', Array, true)
#3 C:\wamp\www\yii\framework\web\CController.php(866): CBaseController->renderFile('C:\wamp\www\dat...', Array, true)
#4 C:\wamp\www\yii\framework\web\CController.php(779): CController->renderPartial('update', Array, true)
#5 C:\wamp\www\datepicker\protected\controllers\EventController.php(125): CController->render('update', Array)
#6 [internal function]: EventController->actionUpdate('10')
#7 C:\wamp\www\yii\framework\web\actions\CAction.php(104): ReflectionMethod->invokeArgs(Object(EventController), Array)
#8 C:\wamp\www\yii\framework\web\actions\CInlineAction.php(48): CAction->runWithParamsInternal(Object(EventController), Object(ReflectionMethod), Array)
#9 C:\wamp\www\yii\framework\web\CController.php(300): CInlineAction->runWithParams(Array)
#10 C:\wamp\www\yii\framework\web\CController.php(278): CController->runAction(Object(CInlineAction))
#11 C:\wamp\www\yii\framework\web\CController.php(257): CController->runActionWithFilters(Object(CInlineAction), Array)
#12 C:\wamp\www\yii\framework\web\CWebApplication.php(277): CController->run('update')
#13 C:\wamp\www\yii\framework\web\CWebApplication.php(136): CWebApplication->runController('event/update')
#14 C:\wamp\www\yii\framework\base\CApplication.php(158): CWebApplication->processRequest()
#15 C:\wamp\www\datepicker\index.php(13): CApplication->run()
#16 {main} REQUEST_URI=/datepicker/index.php?r=event/update&id=10
2011/12/15 18:49:00 [error] [exception.CException] exception 'CException' with message 'EventController cannot find the requested view "_form".' in C:\wamp\www\yii\framework\web\CController.php:875
Stack trace:
#0 C:\wamp\www\datepicker\protected\views\event\update.php(18): CController->renderPartial('_form', Array)
#1 C:\wamp\www\yii\framework\web\CBaseController.php(119): require('C:\wamp\www\dat...')
#2 C:\wamp\www\yii\framework\web\CBaseController.php(88): CBaseController->renderInternal('C:\wamp\www\dat...', Array, true)
#3 C:\wamp\www\yii\framework\web\CController.php(866): CBaseController->renderFile('C:\wamp\www\dat...', Array, true)
#4 C:\wamp\www\yii\framework\web\CController.php(779): CController->renderPartial('update', Array, true)
#5 C:\wamp\www\datepicker\protected\controllers\EventController.php(125): CController->render('update', Array)
#6 [internal function]: EventController->actionUpdate('11')
#7 C:\wamp\www\yii\framework\web\actions\CAction.php(104): ReflectionMethod->invokeArgs(Object(EventController), Array)
#8 C:\wamp\www\yii\framework\web\actions\CInlineAction.php(48): CAction->runWithParamsInternal(Object(EventController), Object(ReflectionMethod), Array)
#9 C:\wamp\www\yii\framework\web\CController.php(300): CInlineAction->runWithParams(Array)
#10 C:\wamp\www\yii\framework\web\CController.php(278): CController->runAction(Object(CInlineAction))
#11 C:\wamp\www\yii\framework\web\CController.php(257): CController->runActionWithFilters(Object(CInlineAction), Array)
#12 C:\wamp\www\yii\framework\web\CWebApplication.php(277): CController->run('update')
#13 C:\wamp\www\yii\framework\web\CWebApplication.php(136): CWebApplication->runController('event/update')
#14 C:\wamp\www\yii\framework\base\CApplication.php(158): CWebApplication->processRequest()
#15 C:\wamp\www\datepicker\index.php(13): CApplication->run()
#16 {main} REQUEST_URI=/datepicker/index.php?r=event/update&id=11
2011/12/15 18:50:40 [error] [exception.CException] exception 'CException' with message 'EventController cannot find the requested view "_form".' in C:\wamp\www\yii\framework\web\CController.php:875
Stack trace:
#0 C:\wamp\www\datepicker\protected\views\event\update.php(18): CController->renderPartial('_form', Array)
#1 C:\wamp\www\yii\framework\web\CBaseController.php(119): require('C:\wamp\www\dat...')
#2 C:\wamp\www\yii\framework\web\CBaseController.php(88): CBaseController->renderInternal('C:\wamp\www\dat...', Array, true)
#3 C:\wamp\www\yii\framework\web\CController.php(866): CBaseController->renderFile('C:\wamp\www\dat...', Array, true)
#4 C:\wamp\www\yii\framework\web\CController.php(779): CController->renderPartial('update', Array, true)
#5 C:\wamp\www\datepicker\protected\controllers\EventController.php(125): CController->render('update', Array)
#6 [internal function]: EventController->actionUpdate('12')
#7 C:\wamp\www\yii\framework\web\actions\CAction.php(104): ReflectionMethod->invokeArgs(Object(EventController), Array)
#8 C:\wamp\www\yii\framework\web\actions\CInlineAction.php(48): CAction->runWithParamsInternal(Object(EventController), Object(ReflectionMethod), Array)
#9 C:\wamp\www\yii\framework\web\CController.php(300): CInlineAction->runWithParams(Array)
#10 C:\wamp\www\yii\framework\web\CController.php(278): CController->runAction(Object(CInlineAction))
#11 C:\wamp\www\yii\framework\web\CController.php(257): CController->runActionWithFilters(Object(CInlineAction), Array)
#12 C:\wamp\www\yii\framework\web\CWebApplication.php(277): CController->run('update')
#13 C:\wamp\www\yii\framework\web\CWebApplication.php(136): CWebApplication->runController('event/update')
#14 C:\wamp\www\yii\framework\base\CApplication.php(158): CWebApplication->processRequest()
#15 C:\wamp\www\datepicker\index.php(13): CApplication->run()
#16 {main} REQUEST_URI=/datepicker/index.php?r=event/update&id=12
2011/12/15 18:50:51 [error] [exception.CException] exception 'CException' with message 'EventController cannot find the requested view "_form".' in C:\wamp\www\yii\framework\web\CController.php:875
Stack trace:
#0 C:\wamp\www\datepicker\protected\views\event\update.php(18): CController->renderPartial('_form', Array)
#1 C:\wamp\www\yii\framework\web\CBaseController.php(119): require('C:\wamp\www\dat...')
#2 C:\wamp\www\yii\framework\web\CBaseController.php(88): CBaseController->renderInternal('C:\wamp\www\dat...', Array, true)
#3 C:\wamp\www\yii\framework\web\CController.php(866): CBaseController->renderFile('C:\wamp\www\dat...', Array, true)
#4 C:\wamp\www\yii\framework\web\CController.php(779): CController->renderPartial('update', Array, true)
#5 C:\wamp\www\datepicker\protected\controllers\EventController.php(125): CController->render('update', Array)
#6 [internal function]: EventController->actionUpdate('13')
#7 C:\wamp\www\yii\framework\web\actions\CAction.php(104): ReflectionMethod->invokeArgs(Object(EventController), Array)
#8 C:\wamp\www\yii\framework\web\actions\CInlineAction.php(48): CAction->runWithParamsInternal(Object(EventController), Object(ReflectionMethod), Array)
#9 C:\wamp\www\yii\framework\web\CController.php(300): CInlineAction->runWithParams(Array)
#10 C:\wamp\www\yii\framework\web\CController.php(278): CController->runAction(Object(CInlineAction))
#11 C:\wamp\www\yii\framework\web\CController.php(257): CController->runActionWithFilters(Object(CInlineAction), Array)
#12 C:\wamp\www\yii\framework\web\CWebApplication.php(277): CController->run('update')
#13 C:\wamp\www\yii\framework\web\CWebApplication.php(136): CWebApplication->runController('event/update')
#14 C:\wamp\www\yii\framework\base\CApplication.php(158): CWebApplication->processRequest()
#15 C:\wamp\www\datepicker\index.php(13): CApplication->run()
#16 {main} REQUEST_URI=/datepicker/index.php?r=event/update&id=13
2011/12/15 18:52:14 [error] [exception.CException] exception 'CException' with message 'EventController cannot find the requested view "_form".' in C:\wamp\www\yii\framework\web\CController.php:875
Stack trace:
#0 C:\wamp\www\datepicker\protected\views\event\update.php(18): CController->renderPartial('_form', Array)
#1 C:\wamp\www\yii\framework\web\CBaseController.php(119): require('C:\wamp\www\dat...')
#2 C:\wamp\www\yii\framework\web\CBaseController.php(88): CBaseController->renderInternal('C:\wamp\www\dat...', Array, true)
#3 C:\wamp\www\yii\framework\web\CController.php(866): CBaseController->renderFile('C:\wamp\www\dat...', Array, true)
#4 C:\wamp\www\yii\framework\web\CController.php(779): CController->renderPartial('update', Array, true)
#5 C:\wamp\www\datepicker\protected\controllers\EventController.php(125): CController->render('update', Array)
#6 [internal function]: EventController->actionUpdate('13')
#7 C:\wamp\www\yii\framework\web\actions\CAction.php(104): ReflectionMethod->invokeArgs(Object(EventController), Array)
#8 C:\wamp\www\yii\framework\web\actions\CInlineAction.php(48): CAction->runWithParamsInternal(Object(EventController), Object(ReflectionMethod), Array)
#9 C:\wamp\www\yii\framework\web\CController.php(300): CInlineAction->runWithParams(Array)
#10 C:\wamp\www\yii\framework\web\CController.php(278): CController->runAction(Object(CInlineAction))
#11 C:\wamp\www\yii\framework\web\CController.php(257): CController->runActionWithFilters(Object(CInlineAction), Array)
#12 C:\wamp\www\yii\framework\web\CWebApplication.php(277): CController->run('update')
#13 C:\wamp\www\yii\framework\web\CWebApplication.php(136): CWebApplication->runController('event/update')
#14 C:\wamp\www\yii\framework\base\CApplication.php(158): CWebApplication->processRequest()
#15 C:\wamp\www\datepicker\index.php(13): CApplication->run()
#16 {main} REQUEST_URI=/datepicker/index.php?r=event/update&id=13
2011/12/15 18:52:23 [error] [exception.CException] exception 'CException' with message 'EventController cannot find the requested view "_form".' in C:\wamp\www\yii\framework\web\CController.php:875
Stack trace:
#0 C:\wamp\www\datepicker\protected\views\event\update.php(18): CController->renderPartial('_form', Array)
#1 C:\wamp\www\yii\framework\web\CBaseController.php(119): require('C:\wamp\www\dat...')
#2 C:\wamp\www\yii\framework\web\CBaseController.php(88): CBaseController->renderInternal('C:\wamp\www\dat...', Array, true)
#3 C:\wamp\www\yii\framework\web\CController.php(866): CBaseController->renderFile('C:\wamp\www\dat...', Array, true)
#4 C:\wamp\www\yii\framework\web\CController.php(779): CController->renderPartial('update', Array, true)
#5 C:\wamp\www\datepicker\protected\controllers\EventController.php(125): CController->render('update', Array)
#6 [internal function]: EventController->actionUpdate('14')
#7 C:\wamp\www\yii\framework\web\actions\CAction.php(104): ReflectionMethod->invokeArgs(Object(EventController), Array)
#8 C:\wamp\www\yii\framework\web\actions\CInlineAction.php(48): CAction->runWithParamsInternal(Object(EventController), Object(ReflectionMethod), Array)
#9 C:\wamp\www\yii\framework\web\CController.php(300): CInlineAction->runWithParams(Array)
#10 C:\wamp\www\yii\framework\web\CController.php(278): CController->runAction(Object(CInlineAction))
#11 C:\wamp\www\yii\framework\web\CController.php(257): CController->runActionWithFilters(Object(CInlineAction), Array)
#12 C:\wamp\www\yii\framework\web\CWebApplication.php(277): CController->run('update')
#13 C:\wamp\www\yii\framework\web\CWebApplication.php(136): CWebApplication->runController('event/update')
#14 C:\wamp\www\yii\framework\base\CApplication.php(158): CWebApplication->processRequest()
#15 C:\wamp\www\datepicker\index.php(13): CApplication->run()
#16 {main} REQUEST_URI=/datepicker/index.php?r=event/update&id=14
2011/12/15 18:54:36 [error] [exception.CException] exception 'CException' with message 'Property "Event.test" is not defined.' in C:\wamp\www\yii\framework\base\CComponent.php:131
Stack trace:
#0 C:\wamp\www\yii\framework\db\ar\CActiveRecord.php(129): CComponent->__get('test')
#1 C:\wamp\www\yii\framework\web\helpers\CHtml.php(2063): CActiveRecord->__get('test')
#2 C:\wamp\www\yii\framework\web\helpers\CHtml.php(1791): CHtml::resolveValue(Object(Event), 'test')
#3 C:\wamp\www\yii\framework\web\helpers\CHtml.php(1213): CHtml::activeInputField('hidden', Object(Event), 'test', Array)
#4 C:\wamp\www\yii\framework\web\widgets\CActiveForm.php(583): CHtml::activeHiddenField(Object(Event), 'test', Array)
#5 C:\wamp\www\datepicker\protected\views\event\edit\event.php(10): CActiveForm->hiddenField(Object(Event), 'test')
#6 C:\wamp\www\yii\framework\web\CBaseController.php(119): require('C:\wamp\www\dat...')
#7 C:\wamp\www\yii\framework\web\CBaseController.php(88): CBaseController->renderInternal('C:\wamp\www\dat...', Array, true)
#8 C:\wamp\www\yii\framework\web\CController.php(866): CBaseController->renderFile('C:\wamp\www\dat...', Array, true)
#9 C:\wamp\www\datepicker\protected\views\event\create.php(18): CController->renderPartial('edit/event', Array)
#10 C:\wamp\www\yii\framework\web\CBaseController.php(119): require('C:\wamp\www\dat...')
#11 C:\wamp\www\yii\framework\web\CBaseController.php(88): CBaseController->renderInternal('C:\wamp\www\dat...', Array, true)
#12 C:\wamp\www\yii\framework\web\CController.php(866): CBaseController->renderFile('C:\wamp\www\dat...', Array, true)
#13 C:\wamp\www\yii\framework\web\CController.php(779): CController->renderPartial('create', Array, true)
#14 C:\wamp\www\datepicker\protected\controllers\EventController.php(89): CController->render('create', Array)
#15 C:\wamp\www\yii\framework\web\actions\CInlineAction.php(50): EventController->actionCreate()
#16 C:\wamp\www\yii\framework\web\CController.php(300): CInlineAction->runWithParams(Array)
#17 C:\wamp\www\yii\framework\web\CController.php(278): CController->runAction(Object(CInlineAction))
#18 C:\wamp\www\yii\framework\web\CController.php(257): CController->runActionWithFilters(Object(CInlineAction), Array)
#19 C:\wamp\www\yii\framework\web\CWebApplication.php(277): CController->run('create')
#20 C:\wamp\www\yii\framework\web\CWebApplication.php(136): CWebApplication->runController('event/create')
#21 C:\wamp\www\yii\framework\base\CApplication.php(158): CWebApplication->processRequest()
#22 C:\wamp\www\datepicker\index.php(13): CApplication->run()
#23 {main} REQUEST_URI=/datepicker/index.php?r=event/create&id=7
2011/12/15 18:54:44 [error] [exception.CException] exception 'CException' with message 'Property "Event.test" is not defined.' in C:\wamp\www\yii\framework\base\CComponent.php:131
Stack trace:
#0 C:\wamp\www\yii\framework\db\ar\CActiveRecord.php(129): CComponent->__get('test')
#1 C:\wamp\www\yii\framework\web\helpers\CHtml.php(2063): CActiveRecord->__get('test')
#2 C:\wamp\www\yii\framework\web\helpers\CHtml.php(1791): CHtml::resolveValue(Object(Event), 'test')
#3 C:\wamp\www\yii\framework\web\helpers\CHtml.php(1213): CHtml::activeInputField('hidden', Object(Event), 'test', Array)
#4 C:\wamp\www\yii\framework\web\widgets\CActiveForm.php(583): CHtml::activeHiddenField(Object(Event), 'test', Array)
#5 C:\wamp\www\datepicker\protected\views\event\edit\event.php(10): CActiveForm->hiddenField(Object(Event), 'test')
#6 C:\wamp\www\yii\framework\web\CBaseController.php(119): require('C:\wamp\www\dat...')
#7 C:\wamp\www\yii\framework\web\CBaseController.php(88): CBaseController->renderInternal('C:\wamp\www\dat...', Array, true)
#8 C:\wamp\www\yii\framework\web\CController.php(866): CBaseController->renderFile('C:\wamp\www\dat...', Array, true)
#9 C:\wamp\www\datepicker\protected\views\event\create.php(18): CController->renderPartial('edit/event', Array)
#10 C:\wamp\www\yii\framework\web\CBaseController.php(119): require('C:\wamp\www\dat...')
#11 C:\wamp\www\yii\framework\web\CBaseController.php(88): CBaseController->renderInternal('C:\wamp\www\dat...', Array, true)
#12 C:\wamp\www\yii\framework\web\CController.php(866): CBaseController->renderFile('C:\wamp\www\dat...', Array, true)
#13 C:\wamp\www\yii\framework\web\CController.php(779): CController->renderPartial('create', Array, true)
#14 C:\wamp\www\datepicker\protected\controllers\EventController.php(89): CController->render('create', Array)
#15 C:\wamp\www\yii\framework\web\actions\CInlineAction.php(50): EventController->actionCreate()
#16 C:\wamp\www\yii\framework\web\CController.php(300): CInlineAction->runWithParams(Array)
#17 C:\wamp\www\yii\framework\web\CController.php(278): CController->runAction(Object(CInlineAction))
#18 C:\wamp\www\yii\framework\web\CController.php(257): CController->runActionWithFilters(Object(CInlineAction), Array)
#19 C:\wamp\www\yii\framework\web\CWebApplication.php(277): CController->run('create')
#20 C:\wamp\www\yii\framework\web\CWebApplication.php(136): CWebApplication->runController('event/create')
#21 C:\wamp\www\yii\framework\base\CApplication.php(158): CWebApplication->processRequest()
#22 C:\wamp\www\datepicker\index.php(13): CApplication->run()
#23 {main} REQUEST_URI=/datepicker/index.php?r=event/create&id=7
2011/12/15 18:55:01 [error] [exception.CException] exception 'CException' with message 'Property "Event.test" is not defined.' in C:\wamp\www\yii\framework\base\CComponent.php:131
Stack trace:
#0 C:\wamp\www\yii\framework\db\ar\CActiveRecord.php(129): CComponent->__get('test')
#1 C:\wamp\www\yii\framework\web\helpers\CHtml.php(2063): CActiveRecord->__get('test')
#2 C:\wamp\www\yii\framework\web\helpers\CHtml.php(1791): CHtml::resolveValue(Object(Event), 'test')
#3 C:\wamp\www\yii\framework\web\helpers\CHtml.php(1213): CHtml::activeInputField('hidden', Object(Event), 'test', Array)
#4 C:\wamp\www\yii\framework\web\widgets\CActiveForm.php(583): CHtml::activeHiddenField(Object(Event), 'test', Array)
#5 C:\wamp\www\datepicker\protected\views\event\edit\event.php(10): CActiveForm->hiddenField(Object(Event), 'test')
#6 C:\wamp\www\yii\framework\web\CBaseController.php(119): require('C:\wamp\www\dat...')
#7 C:\wamp\www\yii\framework\web\CBaseController.php(88): CBaseController->renderInternal('C:\wamp\www\dat...', Array, true)
#8 C:\wamp\www\yii\framework\web\CController.php(866): CBaseController->renderFile('C:\wamp\www\dat...', Array, true)
#9 C:\wamp\www\datepicker\protected\views\event\create.php(18): CController->renderPartial('edit/event', Array)
#10 C:\wamp\www\yii\framework\web\CBaseController.php(119): require('C:\wamp\www\dat...')
#11 C:\wamp\www\yii\framework\web\CBaseController.php(88): CBaseController->renderInternal('C:\wamp\www\dat...', Array, true)
#12 C:\wamp\www\yii\framework\web\CController.php(866): CBaseController->renderFile('C:\wamp\www\dat...', Array, true)
#13 C:\wamp\www\yii\framework\web\CController.php(779): CController->renderPartial('create', Array, true)
#14 C:\wamp\www\datepicker\protected\controllers\EventController.php(89): CController->render('create', Array)
#15 C:\wamp\www\yii\framework\web\actions\CInlineAction.php(50): EventController->actionCreate()
#16 C:\wamp\www\yii\framework\web\CController.php(300): CInlineAction->runWithParams(Array)
#17 C:\wamp\www\yii\framework\web\CController.php(278): CController->runAction(Object(CInlineAction))
#18 C:\wamp\www\yii\framework\web\CController.php(257): CController->runActionWithFilters(Object(CInlineAction), Array)
#19 C:\wamp\www\yii\framework\web\CWebApplication.php(277): CController->run('create')
#20 C:\wamp\www\yii\framework\web\CWebApplication.php(136): CWebApplication->runController('event/create')
#21 C:\wamp\www\yii\framework\base\CApplication.php(158): CWebApplication->processRequest()
#22 C:\wamp\www\datepicker\index.php(13): CApplication->run()
#23 {main} REQUEST_URI=/datepicker/index.php?r=event/create&id=7
2011/12/15 18:56:00 [error] [exception.CException] exception 'CException' with message 'EventController cannot find the requested view "_form".' in C:\wamp\www\yii\framework\web\CController.php:875
Stack trace:
#0 C:\wamp\www\datepicker\protected\views\event\update.php(18): CController->renderPartial('_form', Array)
#1 C:\wamp\www\yii\framework\web\CBaseController.php(119): require('C:\wamp\www\dat...')
#2 C:\wamp\www\yii\framework\web\CBaseController.php(88): CBaseController->renderInternal('C:\wamp\www\dat...', Array, true)
#3 C:\wamp\www\yii\framework\web\CController.php(866): CBaseController->renderFile('C:\wamp\www\dat...', Array, true)
#4 C:\wamp\www\yii\framework\web\CController.php(779): CController->renderPartial('update', Array, true)
#5 C:\wamp\www\datepicker\protected\controllers\EventController.php(125): CController->render('update', Array)
#6 [internal function]: EventController->actionUpdate('15')
#7 C:\wamp\www\yii\framework\web\actions\CAction.php(104): ReflectionMethod->invokeArgs(Object(EventController), Array)
#8 C:\wamp\www\yii\framework\web\actions\CInlineAction.php(48): CAction->runWithParamsInternal(Object(EventController), Object(ReflectionMethod), Array)
#9 C:\wamp\www\yii\framework\web\CController.php(300): CInlineAction->runWithParams(Array)
#10 C:\wamp\www\yii\framework\web\CController.php(278): CController->runAction(Object(CInlineAction))
#11 C:\wamp\www\yii\framework\web\CController.php(257): CController->runActionWithFilters(Object(CInlineAction), Array)
#12 C:\wamp\www\yii\framework\web\CWebApplication.php(277): CController->run('update')
#13 C:\wamp\www\yii\framework\web\CWebApplication.php(136): CWebApplication->runController('event/update')
#14 C:\wamp\www\yii\framework\base\CApplication.php(158): CWebApplication->processRequest()
#15 C:\wamp\www\datepicker\index.php(13): CApplication->run()
#16 {main} REQUEST_URI=/datepicker/index.php?r=event/update&id=15
2011/12/15 18:57:37 [warning] [application] Failed to set unsafe attribute "action" of "Event".
in C:\wamp\www\datepicker\protected\controllers\EventController.php (71)
in C:\wamp\www\datepicker\index.php (13)
2011/12/15 18:57:37 [error] [php] Undefined index: action] (C:\wamp\www\datepicker\protected\controllers\EventController.php:83)
Stack trace:
#0 C:\wamp\www\yii\framework\web\CController.php(278): EventController->runAction()
#1 C:\wamp\www\yii\framework\web\CController.php(257): EventController->runActionWithFilters()
#2 C:\wamp\www\yii\framework\web\CWebApplication.php(277): EventController->run()
#3 C:\wamp\www\yii\framework\web\CWebApplication.php(136): CWebApplication->runController()
#4 C:\wamp\www\yii\framework\base\CApplication.php(158): CWebApplication->processRequest()
#5 C:\wamp\www\datepicker\index.php(13): CWebApplication->run()
REQUEST_URI=/datepicker/index.php?r=event/create&id=7
in C:\wamp\www\datepicker\protected\controllers\EventController.php (83)
in C:\wamp\www\datepicker\index.php (13)
2011/12/15 18:58:53 [warning] [application] Failed to set unsafe attribute "action" of "Event".
in C:\wamp\www\datepicker\protected\controllers\EventController.php (71)
in C:\wamp\www\datepicker\index.php (13)
2011/12/15 18:58:53 [error] [exception.CHttpException.404] exception 'CHttpException' with message 'The system is unable to find the requested action "create-2".' in C:\wamp\www\yii\framework\web\CController.php:477
Stack trace:
#0 C:\wamp\www\yii\framework\web\CController.php(262): CController->missingAction('create-2')
#1 C:\wamp\www\yii\framework\web\CWebApplication.php(277): CController->run('create-2')
#2 C:\wamp\www\yii\framework\web\CWebApplication.php(136): CWebApplication->runController('event/create-2')
#3 C:\wamp\www\yii\framework\base\CApplication.php(158): CWebApplication->processRequest()
#4 C:\wamp\www\datepicker\index.php(13): CApplication->run()
#5 {main} REQUEST_URI=/datepicker/index.php?r=event/create-2&id=18
2011/12/15 18:59:48 [warning] [application] Failed to set unsafe attribute "action" of "Event".
in C:\wamp\www\datepicker\protected\controllers\EventController.php (71)
in C:\wamp\www\datepicker\index.php (13)
2011/12/15 18:59:48 [error] [exception.CException] exception 'CException' with message 'EventController cannot find the requested view "_form".' in C:\wamp\www\yii\framework\web\CController.php:875
Stack trace:
#0 C:\wamp\www\datepicker\protected\views\event\update.php(18): CController->renderPartial('_form', Array)
#1 C:\wamp\www\yii\framework\web\CBaseController.php(119): require('C:\wamp\www\dat...')
#2 C:\wamp\www\yii\framework\web\CBaseController.php(88): CBaseController->renderInternal('C:\wamp\www\dat...', Array, true)
#3 C:\wamp\www\yii\framework\web\CController.php(866): CBaseController->renderFile('C:\wamp\www\dat...', Array, true)
#4 C:\wamp\www\yii\framework\web\CController.php(779): CController->renderPartial('update', Array, true)
#5 C:\wamp\www\datepicker\protected\controllers\EventController.php(130): CController->render('update', Array)
#6 [internal function]: EventController->actionAddDates('19')
#7 C:\wamp\www\yii\framework\web\actions\CAction.php(104): ReflectionMethod->invokeArgs(Object(EventController), Array)
#8 C:\wamp\www\yii\framework\web\actions\CInlineAction.php(48): CAction->runWithParamsInternal(Object(EventController), Object(ReflectionMethod), Array)
#9 C:\wamp\www\yii\framework\web\CController.php(300): CInlineAction->runWithParams(Array)
#10 C:\wamp\www\yii\framework\web\CController.php(278): CController->runAction(Object(CInlineAction))
#11 C:\wamp\www\yii\framework\web\CController.php(257): CController->runActionWithFilters(Object(CInlineAction), Array)
#12 C:\wamp\www\yii\framework\web\CWebApplication.php(277): CController->run('addDates')
#13 C:\wamp\www\yii\framework\web\CWebApplication.php(136): CWebApplication->runController('event/addDates')
#14 C:\wamp\www\yii\framework\base\CApplication.php(158): CWebApplication->processRequest()
#15 C:\wamp\www\datepicker\index.php(13): CApplication->run()
#16 {main} REQUEST_URI=/datepicker/index.php?r=event/addDates&id=19
2011/12/15 19:03:14 [error] [exception.CHttpException.404] exception 'CHttpException' with message 'The system is unable to find the requested action "action".' in C:\wamp\www\yii\framework\web\CController.php:477
Stack trace:
#0 C:\wamp\www\yii\framework\web\CController.php(262): CController->missingAction('action')
#1 C:\wamp\www\yii\framework\web\CWebApplication.php(277): CController->run('action')
#2 C:\wamp\www\yii\framework\web\CWebApplication.php(136): CWebApplication->runController('event/action')
#3 C:\wamp\www\yii\framework\base\CApplication.php(158): CWebApplication->processRequest()
#4 C:\wamp\www\datepicker\index.php(13): CApplication->run()
#5 {main} REQUEST_URI=/datepicker/index.php?r=event/action
2011/12/15 19:03:40 [warning] [application] Failed to set unsafe attribute "action" of "Event".
in C:\wamp\www\datepicker\protected\controllers\EventController.php (71)
in C:\wamp\www\datepicker\index.php (13)
2011/12/15 19:04:03 [error] [exception.CHttpException.400] exception 'CHttpException' with message 'Your request is invalid.' in C:\wamp\www\yii\framework\web\CController.php:328
Stack trace:
#0 C:\wamp\www\yii\framework\web\CController.php(301): CController->invalidActionParams(Object(CInlineAction))
#1 C:\wamp\www\yii\framework\web\CController.php(278): CController->runAction(Object(CInlineAction))
#2 C:\wamp\www\yii\framework\web\CController.php(257): CController->runActionWithFilters(Object(CInlineAction), Array)
#3 C:\wamp\www\yii\framework\web\CWebApplication.php(277): CController->run('update')
#4 C:\wamp\www\yii\framework\web\CWebApplication.php(136): CWebApplication->runController('event/update')
#5 C:\wamp\www\yii\framework\base\CApplication.php(158): CWebApplication->processRequest()
#6 C:\wamp\www\datepicker\index.php(13): CApplication->run()
#7 {main} REQUEST_URI=/datepicker/index.php?r=event/update
2011/12/15 19:04:54 [error] [exception.CHttpException.400] exception 'CHttpException' with message 'Your request is invalid.' in C:\wamp\www\yii\framework\web\CController.php:328
Stack trace:
#0 C:\wamp\www\yii\framework\web\CController.php(301): CController->invalidActionParams(Object(CInlineAction))
#1 C:\wamp\www\yii\framework\web\CController.php(278): CController->runAction(Object(CInlineAction))
#2 C:\wamp\www\yii\framework\web\CController.php(257): CController->runActionWithFilters(Object(CInlineAction), Array)
#3 C:\wamp\www\yii\framework\web\CWebApplication.php(277): CController->run('update')
#4 C:\wamp\www\yii\framework\web\CWebApplication.php(136): CWebApplication->runController('event/update')
#5 C:\wamp\www\yii\framework\base\CApplication.php(158): CWebApplication->processRequest()
#6 C:\wamp\www\datepicker\index.php(13): CApplication->run()
#7 {main} REQUEST_URI=/datepicker/index.php?r=event/update
2011/12/15 19:05:12 [warning] [application] Failed to set unsafe attribute "action" of "Event".
in C:\wamp\www\datepicker\protected\controllers\EventController.php (234)
in C:\wamp\www\datepicker\protected\controllers\EventController.php (67)
in C:\wamp\www\datepicker\index.php (13)
2011/12/15 19:05:12 [warning] [application] Failed to set unsafe attribute "action" of "Event".
in C:\wamp\www\datepicker\protected\controllers\EventController.php (71)
in C:\wamp\www\datepicker\index.php (13)
2011/12/15 19:06:23 [warning] [application] Failed to set unsafe attribute "action" of "Event".
in C:\wamp\www\datepicker\protected\controllers\EventController.php (234)
in C:\wamp\www\datepicker\protected\controllers\EventController.php (67)
in C:\wamp\www\datepicker\index.php (13)
2011/12/15 19:07:11 [error] [exception.CException] exception 'CException' with message 'EventController cannot find the requested view "_form".' in C:\wamp\www\yii\framework\web\CController.php:875
Stack trace:
#0 C:\wamp\www\datepicker\protected\views\event\update.php(18): CController->renderPartial('_form', Array)
#1 C:\wamp\www\yii\framework\web\CBaseController.php(119): require('C:\wamp\www\dat...')
#2 C:\wamp\www\yii\framework\web\CBaseController.php(88): CBaseController->renderInternal('C:\wamp\www\dat...', Array, true)
#3 C:\wamp\www\yii\framework\web\CController.php(866): CBaseController->renderFile('C:\wamp\www\dat...', Array, true)
#4 C:\wamp\www\yii\framework\web\CController.php(779): CController->renderPartial('update', Array, true)
#5 C:\wamp\www\datepicker\protected\controllers\EventController.php(164): CController->render('update', Array)
#6 [internal function]: EventController->actionUpdate('21')
#7 C:\wamp\www\yii\framework\web\actions\CAction.php(104): ReflectionMethod->invokeArgs(Object(EventController), Array)
#8 C:\wamp\www\yii\framework\web\actions\CInlineAction.php(48): CAction->runWithParamsInternal(Object(EventController), Object(ReflectionMethod), Array)
#9 C:\wamp\www\yii\framework\web\CController.php(300): CInlineAction->runWithParams(Array)
#10 C:\wamp\www\yii\framework\web\CController.php(278): CController->runAction(Object(CInlineAction))
#11 C:\wamp\www\yii\framework\web\CController.php(257): CController->runActionWithFilters(Object(CInlineAction), Array)
#12 C:\wamp\www\yii\framework\web\CWebApplication.php(277): CController->run('update')
#13 C:\wamp\www\yii\framework\web\CWebApplication.php(136): CWebApplication->runController('event/update')
#14 C:\wamp\www\yii\framework\base\CApplication.php(158): CWebApplication->processRequest()
#15 C:\wamp\www\datepicker\index.php(13): CApplication->run()
#16 {main} REQUEST_URI=/datepicker/index.php?r=event/update&id=21
2011/12/15 19:07:30 [warning] [application] Failed to set unsafe attribute "action" of "Event".
in C:\wamp\www\datepicker\protected\controllers\EventController.php (147)
in C:\wamp\www\datepicker\index.php (13)
2011/12/15 19:07:34 [warning] [application] Failed to set unsafe attribute "action" of "Event".
in C:\wamp\www\datepicker\protected\controllers\EventController.php (147)
in C:\wamp\www\datepicker\index.php (13)
2011/12/15 19:09:42 [warning] [application] Failed to set unsafe attribute "action" of "Event".
in C:\wamp\www\datepicker\protected\controllers\EventController.php (234)
in C:\wamp\www\datepicker\protected\controllers\EventController.php (67)
in C:\wamp\www\datepicker\index.php (13)
2011/12/15 19:10:09 [warning] [application] Failed to set unsafe attribute "action" of "Event".
in C:\wamp\www\datepicker\protected\controllers\EventController.php (234)
in C:\wamp\www\datepicker\protected\controllers\EventController.php (67)
in C:\wamp\www\datepicker\index.php (13)
2011/12/15 19:10:09 [warning] [application] Failed to set unsafe attribute "action" of "Event".
in C:\wamp\www\datepicker\protected\controllers\EventController.php (71)
in C:\wamp\www\datepicker\index.php (13)
2011/12/15 19:12:17 [error] [php] htmlspecialchars() expects parameter 1 to be string, object given (C:\wamp\www\yii\framework\web\helpers\CHtml.php:66)
Stack trace:
#0 C:\wamp\www\yii\framework\web\helpers\CHtml.php(122): renderAttributes()
#1 C:\wamp\www\yii\framework\web\helpers\CHtml.php(1794): tag()
#2 C:\wamp\www\yii\framework\web\helpers\CHtml.php(1199): activeInputField()
#3 C:\wamp\www\yii\framework\web\widgets\CActiveForm.php(568): activeTextField()
#4 C:\wamp\www\datepicker\protected\views\event\edit\dates.php(15): CActiveForm->textField()
#5 C:\wamp\www\yii\framework\web\CBaseController.php(119): require()
#6 C:\wamp\www\yii\framework\web\CBaseController.php(88): EventController->renderInternal()
#7 C:\wamp\www\yii\framework\web\CController.php(866): EventController->renderFile()
#8 C:\wamp\www\yii\framework\web\CController.php(779): EventController->renderPartial()
#9 C:\wamp\www\datepicker\protected\controllers\EventController.php(128): EventController->render()
#10 unknown(0): EventController->actionAddDates()
#11 C:\wamp\www\yii\framework\web\actions\CAction.php(104): ReflectionMethod->invokeArgs()
#12 C:\wamp\www\yii\framework\web\actions\CInlineAction.php(48): CInlineAction->runWithParamsInternal()
#13 C:\wamp\www\yii\framework\web\CController.php(300): CInlineAction->runWithParams()
#14 C:\wamp\www\yii\framework\web\CController.php(278): EventController->runAction()
#15 C:\wamp\www\yii\framework\web\CController.php(257): EventController->runActionWithFilters()
#16 C:\wamp\www\yii\framework\web\CWebApplication.php(277): EventController->run()
#17 C:\wamp\www\yii\framework\web\CWebApplication.php(136): CWebApplication->runController()
#18 C:\wamp\www\yii\framework\base\CApplication.php(158): CWebApplication->processRequest()
#19 C:\wamp\www\datepicker\index.php(13): CWebApplication->run()
REQUEST_URI=/datepicker/index.php?r=event/addDates&id=22
in C:\wamp\www\datepicker\protected\views\event\edit\dates.php (15)
in C:\wamp\www\datepicker\protected\controllers\EventController.php (128)
in C:\wamp\www\datepicker\index.php (13)
2011/12/15 19:27:36 [error] [php] Object of class CTheme could not be converted to string (C:\wamp\www\datepicker\themes\cheerapp\views\layouts\main.php:47)
Stack trace:
#0 C:\wamp\www\yii\framework\web\widgets\CContentDecorator.php(78): EventController->renderFile()
#1 C:\wamp\www\yii\framework\web\widgets\CContentDecorator.php(56): CContentDecorator->decorate()
#2 C:\wamp\www\yii\framework\web\widgets\COutputProcessor.php(45): CContentDecorator->processOutput()
#3 C:\wamp\www\yii\framework\web\CBaseController.php(199): CContentDecorator->run()
#4 C:\wamp\www\yii\framework\web\CBaseController.php(294): EventController->endWidget()
#5 C:\wamp\www\datepicker\themes\cheerapp\views\layouts\column2.php(23): EventController->endContent()
#6 C:\wamp\www\yii\framework\web\CBaseController.php(119): require()
#7 C:\wamp\www\yii\framework\web\CBaseController.php(88): EventController->renderInternal()
#8 C:\wamp\www\yii\framework\web\CController.php(781): EventController->renderFile()
#9 C:\wamp\www\datepicker\protected\controllers\EventController.php(128): EventController->render()
#10 unknown(0): EventController->actionAddDates()
#11 C:\wamp\www\yii\framework\web\actions\CAction.php(104): ReflectionMethod->invokeArgs()
#12 C:\wamp\www\yii\framework\web\actions\CInlineAction.php(48): CInlineAction->runWithParamsInternal()
#13 C:\wamp\www\yii\framework\web\CController.php(300): CInlineAction->runWithParams()
#14 C:\wamp\www\yii\framework\web\CController.php(278): EventController->runAction()
#15 C:\wamp\www\yii\framework\web\CController.php(257): EventController->runActionWithFilters()
#16 C:\wamp\www\yii\framework\web\CWebApplication.php(277): EventController->run()
#17 C:\wamp\www\yii\framework\web\CWebApplication.php(136): CWebApplication->runController()
#18 C:\wamp\www\yii\framework\base\CApplication.php(158): CWebApplication->processRequest()
#19 C:\wamp\www\datepicker\index.php(13): CWebApplication->run()
REQUEST_URI=/datepicker/index.php?r=event/addDates&id=22
in C:\wamp\www\datepicker\themes\cheerapp\views\layouts\main.php (47)
in C:\wamp\www\datepicker\themes\cheerapp\views\layouts\column2.php (23)
in C:\wamp\www\datepicker\protected\controllers\EventController.php (128)
2011/12/15 19:28:10 [error] [php] Object of class CTheme could not be converted to string (C:\wamp\www\datepicker\themes\cheerapp\views\layouts\main.php:47)
Stack trace:
#0 C:\wamp\www\yii\framework\web\widgets\CContentDecorator.php(78): EventController->renderFile()
#1 C:\wamp\www\yii\framework\web\widgets\CContentDecorator.php(56): CContentDecorator->decorate()
#2 C:\wamp\www\yii\framework\web\widgets\COutputProcessor.php(45): CContentDecorator->processOutput()
#3 C:\wamp\www\yii\framework\web\CBaseController.php(199): CContentDecorator->run()
#4 C:\wamp\www\yii\framework\web\CBaseController.php(294): EventController->endWidget()
#5 C:\wamp\www\datepicker\themes\cheerapp\views\layouts\column2.php(23): EventController->endContent()
#6 C:\wamp\www\yii\framework\web\CBaseController.php(119): require()
#7 C:\wamp\www\yii\framework\web\CBaseController.php(88): EventController->renderInternal()
#8 C:\wamp\www\yii\framework\web\CController.php(781): EventController->renderFile()
#9 C:\wamp\www\datepicker\protected\controllers\EventController.php(195): EventController->render()
#10 C:\wamp\www\yii\framework\web\actions\CInlineAction.php(50): EventController->actionIndex()
#11 C:\wamp\www\yii\framework\web\CController.php(300): CInlineAction->runWithParams()
#12 C:\wamp\www\yii\framework\web\CController.php(278): EventController->runAction()
#13 C:\wamp\www\yii\framework\web\CController.php(257): EventController->runActionWithFilters()
#14 C:\wamp\www\yii\framework\web\CWebApplication.php(277): EventController->run()
#15 C:\wamp\www\yii\framework\web\CWebApplication.php(136): CWebApplication->runController()
#16 C:\wamp\www\yii\framework\base\CApplication.php(158): CWebApplication->processRequest()
#17 C:\wamp\www\datepicker\index.php(13): CWebApplication->run()
REQUEST_URI=/datepicker/index.php?r=event/index
in C:\wamp\www\datepicker\themes\cheerapp\views\layouts\main.php (47)
in C:\wamp\www\datepicker\themes\cheerapp\views\layouts\column2.php (23)
in C:\wamp\www\datepicker\protected\controllers\EventController.php (195)
2011/12/15 19:50:31 [error] [exception.CHttpException.404] exception 'CHttpException' with message 'The system is unable to find the requested action "register".' in C:\wamp\www\yii\framework\web\CController.php:477
Stack trace:
#0 C:\wamp\www\yii\framework\web\CController.php(262): CController->missingAction('register')
#1 C:\wamp\www\yii\framework\web\CWebApplication.php(277): CController->run('register')
#2 C:\wamp\www\yii\framework\web\CWebApplication.php(136): CWebApplication->runController('site/register')
#3 C:\wamp\www\yii\framework\base\CApplication.php(158): CWebApplication->processRequest()
#4 C:\wamp\www\datepicker\index.php(13): CApplication->run()
#5 {main} REQUEST_URI=/datepicker/index.php?r=site/register
2011/12/15 19:51:12 [error] [exception.CHttpException.404] exception 'CHttpException' with message 'The system is unable to find the requested action "register".' in C:\wamp\www\yii\framework\web\CController.php:477
Stack trace:
#0 C:\wamp\www\yii\framework\web\CController.php(262): CController->missingAction('register')
#1 C:\wamp\www\yii\framework\web\CWebApplication.php(277): CController->run('register')
#2 C:\wamp\www\yii\framework\web\CWebApplication.php(136): CWebApplication->runController('site/register')
#3 C:\wamp\www\yii\framework\base\CApplication.php(158): CWebApplication->processRequest()
#4 C:\wamp\www\datepicker\index.php(13): CApplication->run()
#5 {main} REQUEST_URI=/datepicker/index.php?r=site/register
2011/12/15 19:52:19 [error] [exception.CHttpException.404] exception 'CHttpException' with message 'The system is unable to find the requested action "register".' in C:\wamp\www\yii\framework\web\CController.php:477
Stack trace:
#0 C:\wamp\www\yii\framework\web\CController.php(262): CController->missingAction('register')
#1 C:\wamp\www\yii\framework\web\CWebApplication.php(277): CController->run('register')
#2 C:\wamp\www\yii\framework\web\CWebApplication.php(136): CWebApplication->runController('site/register')
#3 C:\wamp\www\yii\framework\base\CApplication.php(158): CWebApplication->processRequest()
#4 C:\wamp\www\datepicker\index.php(13): CApplication->run()
#5 {main} REQUEST_URI=/datepicker/index.php?r=site/register
2011/12/15 19:52:57 [error] [exception.CHttpException.404] exception 'CHttpException' with message 'The system is unable to find the requested action "register".' in C:\wamp\www\yii\framework\web\CController.php:477
Stack trace:
#0 C:\wamp\www\yii\framework\web\CController.php(262): CController->missingAction('register')
#1 C:\wamp\www\yii\framework\web\CWebApplication.php(277): CController->run('register')
#2 C:\wamp\www\yii\framework\web\CWebApplication.php(136): CWebApplication->runController('site/register')
#3 C:\wamp\www\yii\framework\base\CApplication.php(158): CWebApplication->processRequest()
#4 C:\wamp\www\datepicker\index.php(13): CApplication->run()
#5 {main} REQUEST_URI=/datepicker/index.php?r=site/register
2011/12/15 19:53:45 [error] [exception.CHttpException.404] exception 'CHttpException' with message 'The system is unable to find the requested action "register".' in C:\wamp\www\yii\framework\web\CController.php:477
Stack trace:
#0 C:\wamp\www\yii\framework\web\CController.php(262): CController->missingAction('register')
#1 C:\wamp\www\yii\framework\web\CWebApplication.php(277): CController->run('register')
#2 C:\wamp\www\yii\framework\web\CWebApplication.php(136): CWebApplication->runController('site/register')
#3 C:\wamp\www\yii\framework\base\CApplication.php(158): CWebApplication->processRequest()
#4 C:\wamp\www\datepicker\index.php(13): CApplication->run()
#5 {main} REQUEST_URI=/datepicker/index.php?r=site/register
2011/12/15 19:55:59 [error] [exception.CHttpException.404] exception 'CHttpException' with message 'The system is unable to find the requested action "register".' in C:\wamp\www\yii\framework\web\CController.php:477
Stack trace:
#0 C:\wamp\www\yii\framework\web\CController.php(262): CController->missingAction('register')
#1 C:\wamp\www\yii\framework\web\CWebApplication.php(277): CController->run('register')
#2 C:\wamp\www\yii\framework\web\CWebApplication.php(136): CWebApplication->runController('site/register')
#3 C:\wamp\www\yii\framework\base\CApplication.php(158): CWebApplication->processRequest()
#4 C:\wamp\www\datepicker\index.php(13): CApplication->run()
#5 {main} REQUEST_URI=/datepicker/index.php?r=site/register
2011/12/15 19:58:17 [error] [exception.CHttpException.404] exception 'CHttpException' with message 'The system is unable to find the requested action "register".' in C:\wamp\www\yii\framework\web\CController.php:477
Stack trace:
#0 C:\wamp\www\yii\framework\web\CController.php(262): CController->missingAction('register')
#1 C:\wamp\www\yii\framework\web\CWebApplication.php(277): CController->run('register')
#2 C:\wamp\www\yii\framework\web\CWebApplication.php(136): CWebApplication->runController('site/register')
#3 C:\wamp\www\yii\framework\base\CApplication.php(158): CWebApplication->processRequest()
#4 C:\wamp\www\datepicker\index.php(13): CApplication->run()
#5 {main} REQUEST_URI=/datepicker/index.php?r=site/register
2011/12/15 19:58:23 [error] [exception.CHttpException.404] exception 'CHttpException' with message 'The system is unable to find the requested action "register".' in C:\wamp\www\yii\framework\web\CController.php:477
Stack trace:
#0 C:\wamp\www\yii\framework\web\CController.php(262): CController->missingAction('register')
#1 C:\wamp\www\yii\framework\web\CWebApplication.php(277): CController->run('register')
#2 C:\wamp\www\yii\framework\web\CWebApplication.php(136): CWebApplication->runController('site/register')
#3 C:\wamp\www\yii\framework\base\CApplication.php(158): CWebApplication->processRequest()
#4 C:\wamp\www\datepicker\index.php(13): CApplication->run()
#5 {main} REQUEST_URI=/datepicker/index.php?r=site/register
2011/12/15 19:58:25 [error] [exception.CHttpException.404] exception 'CHttpException' with message 'The system is unable to find the requested action "register".' in C:\wamp\www\yii\framework\web\CController.php:477
Stack trace:
#0 C:\wamp\www\yii\framework\web\CController.php(262): CController->missingAction('register')
#1 C:\wamp\www\yii\framework\web\CWebApplication.php(277): CController->run('register')
#2 C:\wamp\www\yii\framework\web\CWebApplication.php(136): CWebApplication->runController('site/register')
#3 C:\wamp\www\yii\framework\base\CApplication.php(158): CWebApplication->processRequest()
#4 C:\wamp\www\datepicker\index.php(13): CApplication->run()
#5 {main} REQUEST_URI=/datepicker/index.php?r=site/register
2011/12/15 19:58:37 [error] [exception.CException] exception 'CException' with message 'Property "CMenu.class" is not defined.' in C:\wamp\www\yii\framework\base\CComponent.php:174
Stack trace:
#0 C:\wamp\www\yii\framework\web\CWidgetFactory.php(162): CComponent->__set('class', 'test')
#1 C:\wamp\www\yii\framework\web\CBaseController.php(139): CWidgetFactory->createWidget(Object(SiteController), 'zii.widgets.CMe...', Array)
#2 C:\wamp\www\yii\framework\web\CBaseController.php(165): CBaseController->createWidget('zii.widgets.CMe...', Array)
#3 C:\wamp\www\datepicker\themes\cheerapp\views\layouts\main.php(132): CBaseController->widget('zii.widgets.CMe...', Array)
#4 C:\wamp\www\yii\framework\web\CBaseController.php(119): require('C:\wamp\www\dat...')
#5 C:\wamp\www\yii\framework\web\CBaseController.php(88): CBaseController->renderInternal('C:\wamp\www\dat...', Array, true)
#6 C:\wamp\www\yii\framework\web\widgets\CContentDecorator.php(78): CBaseController->renderFile('C:\wamp\www\dat...', Array, true)
#7 C:\wamp\www\yii\framework\web\widgets\CContentDecorator.php(56): CContentDecorator->decorate('<div class="con...')
#8 C:\wamp\www\yii\framework\web\widgets\COutputProcessor.php(45): CContentDecorator->processOutput('<div class="con...')
#9 C:\wamp\www\yii\framework\web\CBaseController.php(199): COutputProcessor->run()
#10 C:\wamp\www\yii\framework\web\CBaseController.php(294): CBaseController->endWidget('CContentDecorat...')
#11 C:\wamp\www\datepicker\themes\cheerapp\views\layouts\column1.php(7): CBaseController->endContent()
#12 C:\wamp\www\yii\framework\web\CBaseController.php(119): require('C:\wamp\www\dat...')
#13 C:\wamp\www\yii\framework\web\CBaseController.php(88): CBaseController->renderInternal('C:\wamp\www\dat...', Array, true)
#14 C:\wamp\www\yii\framework\web\CController.php(781): CBaseController->renderFile('C:\wamp\www\dat...', Array, true)
#15 C:\wamp\www\datepicker\protected\controllers\SiteController.php(32): CController->render('index')
#16 C:\wamp\www\yii\framework\web\actions\CInlineAction.php(50): SiteController->actionIndex()
#17 C:\wamp\www\yii\framework\web\CController.php(300): CInlineAction->runWithParams(Array)
#18 C:\wamp\www\yii\framework\web\CController.php(278): CController->runAction(Object(CInlineAction))
#19 C:\wamp\www\yii\framework\web\CController.php(257): CController->runActionWithFilters(Object(CInlineAction), Array)
#20 C:\wamp\www\yii\framework\web\CWebApplication.php(277): CController->run('index')
#21 C:\wamp\www\yii\framework\web\CWebApplication.php(136): CWebApplication->runController('site/index')
#22 C:\wamp\www\yii\framework\base\CApplication.php(158): CWebApplication->processRequest()
#23 C:\wamp\www\datepicker\index.php(13): CApplication->run()
#24 {main} REQUEST_URI=/datepicker/index.php?r=site/index
2011/12/15 20:06:16 [error] [exception.CException] exception 'CException' with message 'Property "DMenu.class" is not defined.' in C:\wamp\www\yii\framework\base\CComponent.php:174
Stack trace:
#0 C:\wamp\www\yii\framework\web\CWidgetFactory.php(162): CComponent->__set('class', 'test')
#1 C:\wamp\www\yii\framework\web\CBaseController.php(139): CWidgetFactory->createWidget(Object(SiteController), 'application.com...', Array)
#2 C:\wamp\www\yii\framework\web\CBaseController.php(165): CBaseController->createWidget('application.com...', Array)
#3 C:\wamp\www\datepicker\themes\cheerapp\views\layouts\main.php(132): CBaseController->widget('application.com...', Array)
#4 C:\wamp\www\yii\framework\web\CBaseController.php(119): require('C:\wamp\www\dat...')
#5 C:\wamp\www\yii\framework\web\CBaseController.php(88): CBaseController->renderInternal('C:\wamp\www\dat...', Array, true)
#6 C:\wamp\www\yii\framework\web\widgets\CContentDecorator.php(78): CBaseController->renderFile('C:\wamp\www\dat...', Array, true)
#7 C:\wamp\www\yii\framework\web\widgets\CContentDecorator.php(56): CContentDecorator->decorate('<div class="con...')
#8 C:\wamp\www\yii\framework\web\widgets\COutputProcessor.php(45): CContentDecorator->processOutput('<div class="con...')
#9 C:\wamp\www\yii\framework\web\CBaseController.php(199): COutputProcessor->run()
#10 C:\wamp\www\yii\framework\web\CBaseController.php(294): CBaseController->endWidget('CContentDecorat...')
#11 C:\wamp\www\datepicker\themes\cheerapp\views\layouts\column1.php(7): CBaseController->endContent()
#12 C:\wamp\www\yii\framework\web\CBaseController.php(119): require('C:\wamp\www\dat...')
#13 C:\wamp\www\yii\framework\web\CBaseController.php(88): CBaseController->renderInternal('C:\wamp\www\dat...', Array, true)
#14 C:\wamp\www\yii\framework\web\CController.php(781): CBaseController->renderFile('C:\wamp\www\dat...', Array, true)
#15 C:\wamp\www\datepicker\protected\controllers\SiteController.php(32): CController->render('index')
#16 C:\wamp\www\yii\framework\web\actions\CInlineAction.php(50): SiteController->actionIndex()
#17 C:\wamp\www\yii\framework\web\CController.php(300): CInlineAction->runWithParams(Array)
#18 C:\wamp\www\yii\framework\web\CController.php(278): CController->runAction(Object(CInlineAction))
#19 C:\wamp\www\yii\framework\web\CController.php(257): CController->runActionWithFilters(Object(CInlineAction), Array)
#20 C:\wamp\www\yii\framework\web\CWebApplication.php(277): CController->run('index')
#21 C:\wamp\www\yii\framework\web\CWebApplication.php(136): CWebApplication->runController('site/index')
#22 C:\wamp\www\yii\framework\base\CApplication.php(158): CWebApplication->processRequest()
#23 C:\wamp\www\datepicker\index.php(13): CApplication->run()
#24 {main} REQUEST_URI=/datepicker/index.php?r=site/index
2011/12/15 20:06:34 [error] [exception.CException] exception 'CException' with message 'Property "DMenu.class" is not defined.' in C:\wamp\www\yii\framework\base\CComponent.php:174
Stack trace:
#0 C:\wamp\www\yii\framework\web\CWidgetFactory.php(162): CComponent->__set('class', 'test')
#1 C:\wamp\www\yii\framework\web\CBaseController.php(139): CWidgetFactory->createWidget(Object(SiteController), 'application.com...', Array)
#2 C:\wamp\www\yii\framework\web\CBaseController.php(165): CBaseController->createWidget('application.com...', Array)
#3 C:\wamp\www\datepicker\themes\cheerapp\views\layouts\main.php(132): CBaseController->widget('application.com...', Array)
#4 C:\wamp\www\yii\framework\web\CBaseController.php(119): require('C:\wamp\www\dat...')
#5 C:\wamp\www\yii\framework\web\CBaseController.php(88): CBaseController->renderInternal('C:\wamp\www\dat...', Array, true)
#6 C:\wamp\www\yii\framework\web\widgets\CContentDecorator.php(78): CBaseController->renderFile('C:\wamp\www\dat...', Array, true)
#7 C:\wamp\www\yii\framework\web\widgets\CContentDecorator.php(56): CContentDecorator->decorate('<div class="con...')
#8 C:\wamp\www\yii\framework\web\widgets\COutputProcessor.php(45): CContentDecorator->processOutput('<div class="con...')
#9 C:\wamp\www\yii\framework\web\CBaseController.php(199): COutputProcessor->run()
#10 C:\wamp\www\yii\framework\web\CBaseController.php(294): CBaseController->endWidget('CContentDecorat...')
#11 C:\wamp\www\datepicker\themes\cheerapp\views\layouts\column1.php(7): CBaseController->endContent()
#12 C:\wamp\www\yii\framework\web\CBaseController.php(119): require('C:\wamp\www\dat...')
#13 C:\wamp\www\yii\framework\web\CBaseController.php(88): CBaseController->renderInternal('C:\wamp\www\dat...', Array, true)
#14 C:\wamp\www\yii\framework\web\CController.php(781): CBaseController->renderFile('C:\wamp\www\dat...', Array, true)
#15 C:\wamp\www\datepicker\protected\controllers\SiteController.php(32): CController->render('index')
#16 C:\wamp\www\yii\framework\web\actions\CInlineAction.php(50): SiteController->actionIndex()
#17 C:\wamp\www\yii\framework\web\CController.php(300): CInlineAction->runWithParams(Array)
#18 C:\wamp\www\yii\framework\web\CController.php(278): CController->runAction(Object(CInlineAction))
#19 C:\wamp\www\yii\framework\web\CController.php(257): CController->runActionWithFilters(Object(CInlineAction), Array)
#20 C:\wamp\www\yii\framework\web\CWebApplication.php(277): CController->run('index')
#21 C:\wamp\www\yii\framework\web\CWebApplication.php(136): CWebApplication->runController('site/index')
#22 C:\wamp\www\yii\framework\base\CApplication.php(158): CWebApplication->processRequest()
#23 C:\wamp\www\datepicker\index.php(13): CApplication->run()
#24 {main} REQUEST_URI=/datepicker/index.php?r=site/index
2011/12/15 20:06:36 [error] [exception.CException] exception 'CException' with message 'Property "DMenu.class" is not defined.' in C:\wamp\www\yii\framework\base\CComponent.php:174
Stack trace:
#0 C:\wamp\www\yii\framework\web\CWidgetFactory.php(162): CComponent->__set('class', 'test')
#1 C:\wamp\www\yii\framework\web\CBaseController.php(139): CWidgetFactory->createWidget(Object(SiteController), 'application.com...', Array)
#2 C:\wamp\www\yii\framework\web\CBaseController.php(165): CBaseController->createWidget('application.com...', Array)
#3 C:\wamp\www\datepicker\themes\cheerapp\views\layouts\main.php(132): CBaseController->widget('application.com...', Array)
#4 C:\wamp\www\yii\framework\web\CBaseController.php(119): require('C:\wamp\www\dat...')
#5 C:\wamp\www\yii\framework\web\CBaseController.php(88): CBaseController->renderInternal('C:\wamp\www\dat...', Array, true)
#6 C:\wamp\www\yii\framework\web\widgets\CContentDecorator.php(78): CBaseController->renderFile('C:\wamp\www\dat...', Array, true)
#7 C:\wamp\www\yii\framework\web\widgets\CContentDecorator.php(56): CContentDecorator->decorate('<div class="con...')
#8 C:\wamp\www\yii\framework\web\widgets\COutputProcessor.php(45): CContentDecorator->processOutput('<div class="con...')
#9 C:\wamp\www\yii\framework\web\CBaseController.php(199): COutputProcessor->run()
#10 C:\wamp\www\yii\framework\web\CBaseController.php(294): CBaseController->endWidget('CContentDecorat...')
#11 C:\wamp\www\datepicker\themes\cheerapp\views\layouts\column1.php(7): CBaseController->endContent()
#12 C:\wamp\www\yii\framework\web\CBaseController.php(119): require('C:\wamp\www\dat...')
#13 C:\wamp\www\yii\framework\web\CBaseController.php(88): CBaseController->renderInternal('C:\wamp\www\dat...', Array, true)
#14 C:\wamp\www\yii\framework\web\CController.php(781): CBaseController->renderFile('C:\wamp\www\dat...', Array, true)
#15 C:\wamp\www\datepicker\protected\controllers\SiteController.php(32): CController->render('index')
#16 C:\wamp\www\yii\framework\web\actions\CInlineAction.php(50): SiteController->actionIndex()
#17 C:\wamp\www\yii\framework\web\CController.php(300): CInlineAction->runWithParams(Array)
#18 C:\wamp\www\yii\framework\web\CController.php(278): CController->runAction(Object(CInlineAction))
#19 C:\wamp\www\yii\framework\web\CController.php(257): CController->runActionWithFilters(Object(CInlineAction), Array)
#20 C:\wamp\www\yii\framework\web\CWebApplication.php(277): CController->run('index')
#21 C:\wamp\www\yii\framework\web\CWebApplication.php(136): CWebApplication->runController('site/index')
#22 C:\wamp\www\yii\framework\base\CApplication.php(158): CWebApplication->processRequest()
#23 C:\wamp\www\datepicker\index.php(13): CApplication->run()
#24 {main} REQUEST_URI=/datepicker/index.php?r=site/index
2011/12/15 20:06:51 [error] [php] Undefined index: active (C:\wamp\www\yii\framework\zii\widgets\CMenu.php:183)
Stack trace:
#0 C:\wamp\www\yii\framework\web\CBaseController.php(166): DMenu->run()
#1 C:\wamp\www\datepicker\themes\cheerapp\views\layouts\main.php(132): SiteController->widget()
#2 C:\wamp\www\yii\framework\web\CBaseController.php(119): require()
#3 C:\wamp\www\yii\framework\web\CBaseController.php(88): SiteController->renderInternal()
#4 C:\wamp\www\yii\framework\web\widgets\CContentDecorator.php(78): SiteController->renderFile()
#5 C:\wamp\www\yii\framework\web\widgets\CContentDecorator.php(56): CContentDecorator->decorate()
#6 C:\wamp\www\yii\framework\web\widgets\COutputProcessor.php(45): CContentDecorator->processOutput()
#7 C:\wamp\www\yii\framework\web\CBaseController.php(199): CContentDecorator->run()
#8 C:\wamp\www\yii\framework\web\CBaseController.php(294): SiteController->endWidget()
#9 C:\wamp\www\datepicker\themes\cheerapp\views\layouts\column1.php(7): SiteController->endContent()
#10 C:\wamp\www\yii\framework\web\CBaseController.php(119): require()
#11 C:\wamp\www\yii\framework\web\CBaseController.php(88): SiteController->renderInternal()
#12 C:\wamp\www\yii\framework\web\CController.php(781): SiteController->renderFile()
#13 C:\wamp\www\datepicker\protected\controllers\SiteController.php(32): SiteController->render()
#14 C:\wamp\www\yii\framework\web\actions\CInlineAction.php(50): SiteController->actionIndex()
#15 C:\wamp\www\yii\framework\web\CController.php(300): CInlineAction->runWithParams()
#16 C:\wamp\www\yii\framework\web\CController.php(278): SiteController->runAction()
#17 C:\wamp\www\yii\framework\web\CController.php(257): SiteController->runActionWithFilters()
#18 C:\wamp\www\yii\framework\web\CWebApplication.php(277): SiteController->run()
#19 C:\wamp\www\yii\framework\web\CWebApplication.php(136): CWebApplication->runController()
#20 C:\wamp\www\yii\framework\base\CApplication.php(158): CWebApplication->processRequest()
#21 C:\wamp\www\datepicker\index.php(13): CWebApplication->run()
REQUEST_URI=/datepicker/index.php?r=site/index
in C:\wamp\www\datepicker\themes\cheerapp\views\layouts\main.php (132)
in C:\wamp\www\datepicker\themes\cheerapp\views\layouts\column1.php (7)
in C:\wamp\www\datepicker\protected\controllers\SiteController.php (32)
2011/12/15 20:09:01 [error] [exception.CHttpException.404] exception 'CHttpException' with message 'The system is unable to find the requested action "register".' in C:\wamp\www\yii\framework\web\CController.php:477
Stack trace:
#0 C:\wamp\www\yii\framework\web\CController.php(262): CController->missingAction('register')
#1 C:\wamp\www\yii\framework\web\CWebApplication.php(277): CController->run('register')
#2 C:\wamp\www\yii\framework\web\CWebApplication.php(136): CWebApplication->runController('site/register')
#3 C:\wamp\www\yii\framework\base\CApplication.php(158): CWebApplication->processRequest()
#4 C:\wamp\www\datepicker\index.php(13): CApplication->run()
#5 {main} REQUEST_URI=/datepicker/index.php?r=site/register
2011/12/15 20:09:55 [error] [exception.CException] exception 'CException' with message 'Property "CMenu.class" is not defined.' in C:\wamp\www\yii\framework\base\CComponent.php:174
Stack trace:
#0 C:\wamp\www\yii\framework\web\CWidgetFactory.php(162): CComponent->__set('class', 'clearfix')
#1 C:\wamp\www\yii\framework\web\CBaseController.php(139): CWidgetFactory->createWidget(Object(SiteController), 'zii.widgets.CMe...', Array)
#2 C:\wamp\www\yii\framework\web\CBaseController.php(165): CBaseController->createWidget('zii.widgets.CMe...', Array)
#3 C:\wamp\www\datepicker\themes\cheerapp\views\layouts\main.php(66): CBaseController->widget('zii.widgets.CMe...', Array)
#4 C:\wamp\www\yii\framework\web\CBaseController.php(119): require('C:\wamp\www\dat...')
#5 C:\wamp\www\yii\framework\web\CBaseController.php(88): CBaseController->renderInternal('C:\wamp\www\dat...', Array, true)
#6 C:\wamp\www\yii\framework\web\widgets\CContentDecorator.php(78): CBaseController->renderFile('C:\wamp\www\dat...', Array, true)
#7 C:\wamp\www\yii\framework\web\widgets\CContentDecorator.php(56): CContentDecorator->decorate('<div class="con...')
#8 C:\wamp\www\yii\framework\web\widgets\COutputProcessor.php(45): CContentDecorator->processOutput('<div class="con...')
#9 C:\wamp\www\yii\framework\web\CBaseController.php(199): COutputProcessor->run()
#10 C:\wamp\www\yii\framework\web\CBaseController.php(294): CBaseController->endWidget('CContentDecorat...')
#11 C:\wamp\www\datepicker\themes\cheerapp\views\layouts\column1.php(7): CBaseController->endContent()
#12 C:\wamp\www\yii\framework\web\CBaseController.php(119): require('C:\wamp\www\dat...')
#13 C:\wamp\www\yii\framework\web\CBaseController.php(88): CBaseController->renderInternal('C:\wamp\www\dat...', Array, true)
#14 C:\wamp\www\yii\framework\web\CController.php(781): CBaseController->renderFile('C:\wamp\www\dat...', Array, true)
#15 C:\wamp\www\datepicker\protected\controllers\SiteController.php(32): CController->render('index')
#16 C:\wamp\www\yii\framework\web\actions\CInlineAction.php(50): SiteController->actionIndex()
#17 C:\wamp\www\yii\framework\web\CController.php(300): CInlineAction->runWithParams(Array)
#18 C:\wamp\www\yii\framework\web\CController.php(278): CController->runAction(Object(CInlineAction))
#19 C:\wamp\www\yii\framework\web\CController.php(257): CController->runActionWithFilters(Object(CInlineAction), Array)
#20 C:\wamp\www\yii\framework\web\CWebApplication.php(277): CController->run('index')
#21 C:\wamp\www\yii\framework\web\CWebApplication.php(136): CWebApplication->runController('site/index')
#22 C:\wamp\www\yii\framework\base\CApplication.php(158): CWebApplication->processRequest()
#23 C:\wamp\www\datepicker\index.php(13): CApplication->run()
#24 {main} REQUEST_URI=/datepicker/index.php?r=site/index
2011/12/15 20:10:47 [error] [exception.CHttpException.404] exception 'CHttpException' with message 'The system is unable to find the requested action "register".' in C:\wamp\www\yii\framework\web\CController.php:477
Stack trace:
#0 C:\wamp\www\yii\framework\web\CController.php(262): CController->missingAction('register')
#1 C:\wamp\www\yii\framework\web\CWebApplication.php(277): CController->run('register')
#2 C:\wamp\www\yii\framework\web\CWebApplication.php(136): CWebApplication->runController('site/register')
#3 C:\wamp\www\yii\framework\base\CApplication.php(158): CWebApplication->processRequest()
#4 C:\wamp\www\datepicker\index.php(13): CApplication->run()
#5 {main} REQUEST_URI=/datepicker/index.php?r=site/register
2011/12/15 20:16:22 [error] [exception.CException] exception 'CException' with message 'Property "CActiveForm.class" is not defined.' in C:\wamp\www\yii\framework\base\CComponent.php:174
Stack trace:
#0 C:\wamp\www\yii\framework\web\CWidgetFactory.php(162): CComponent->__set('class', 'test')
#1 C:\wamp\www\yii\framework\web\CBaseController.php(139): CWidgetFactory->createWidget(Object(SiteController), 'CActiveForm', Array)
#2 C:\wamp\www\yii\framework\web\CBaseController.php(182): CBaseController->createWidget('CActiveForm', Array)
#3 C:\wamp\www\datepicker\protected\views\site\login.php(20): CBaseController->beginWidget('CActiveForm', Array)
#4 C:\wamp\www\yii\framework\web\CBaseController.php(119): require('C:\wamp\www\dat...')
#5 C:\wamp\www\yii\framework\web\CBaseController.php(88): CBaseController->renderInternal('C:\wamp\www\dat...', Array, true)
#6 C:\wamp\www\yii\framework\web\CController.php(866): CBaseController->renderFile('C:\wamp\www\dat...', Array, true)
#7 C:\wamp\www\yii\framework\web\CController.php(779): CController->renderPartial('login', Array, true)
#8 C:\wamp\www\datepicker\protected\controllers\SiteController.php(92): CController->render('login', Array)
#9 C:\wamp\www\yii\framework\web\actions\CInlineAction.php(50): SiteController->actionLogin()
#10 C:\wamp\www\yii\framework\web\CController.php(300): CInlineAction->runWithParams(Array)
#11 C:\wamp\www\yii\framework\web\CController.php(278): CController->runAction(Object(CInlineAction))
#12 C:\wamp\www\yii\framework\web\CController.php(257): CController->runActionWithFilters(Object(CInlineAction), Array)
#13 C:\wamp\www\yii\framework\web\CWebApplication.php(277): CController->run('login')
#14 C:\wamp\www\yii\framework\web\CWebApplication.php(136): CWebApplication->runController('site/login')
#15 C:\wamp\www\yii\framework\base\CApplication.php(158): CWebApplication->processRequest()
#16 C:\wamp\www\datepicker\index.php(13): CApplication->run()
#17 {main} REQUEST_URI=/datepicker/index.php?r=site/login
2011/12/15 20:16:57 [error] [exception.CException] exception 'CException' with message 'Property "CActiveForm.class" is not defined.' in C:\wamp\www\yii\framework\base\CComponent.php:174
Stack trace:
#0 C:\wamp\www\yii\framework\web\CWidgetFactory.php(162): CComponent->__set('class', 'test')
#1 C:\wamp\www\yii\framework\web\CBaseController.php(139): CWidgetFactory->createWidget(Object(SiteController), 'CActiveForm', Array)
#2 C:\wamp\www\yii\framework\web\CBaseController.php(182): CBaseController->createWidget('CActiveForm', Array)
#3 C:\wamp\www\datepicker\protected\views\site\login.php(23): CBaseController->beginWidget('CActiveForm', Array)
#4 C:\wamp\www\yii\framework\web\CBaseController.php(119): require('C:\wamp\www\dat...')
#5 C:\wamp\www\yii\framework\web\CBaseController.php(88): CBaseController->renderInternal('C:\wamp\www\dat...', Array, true)
#6 C:\wamp\www\yii\framework\web\CController.php(866): CBaseController->renderFile('C:\wamp\www\dat...', Array, true)
#7 C:\wamp\www\yii\framework\web\CController.php(779): CController->renderPartial('login', Array, true)
#8 C:\wamp\www\datepicker\protected\controllers\SiteController.php(92): CController->render('login', Array)
#9 C:\wamp\www\yii\framework\web\actions\CInlineAction.php(50): SiteController->actionLogin()
#10 C:\wamp\www\yii\framework\web\CController.php(300): CInlineAction->runWithParams(Array)
#11 C:\wamp\www\yii\framework\web\CController.php(278): CController->runAction(Object(CInlineAction))
#12 C:\wamp\www\yii\framework\web\CController.php(257): CController->runActionWithFilters(Object(CInlineAction), Array)
#13 C:\wamp\www\yii\framework\web\CWebApplication.php(277): CController->run('login')
#14 C:\wamp\www\yii\framework\web\CWebApplication.php(136): CWebApplication->runController('site/login')
#15 C:\wamp\www\yii\framework\base\CApplication.php(158): CWebApplication->processRequest()
#16 C:\wamp\www\datepicker\index.php(13): CApplication->run()
#17 {main} REQUEST_URI=/datepicker/index.php?r=site/login
2011/12/15 20:16:59 [error] [exception.CException] exception 'CException' with message 'Property "CActiveForm.class" is not defined.' in C:\wamp\www\yii\framework\base\CComponent.php:174
Stack trace:
#0 C:\wamp\www\yii\framework\web\CWidgetFactory.php(162): CComponent->__set('class', 'test')
#1 C:\wamp\www\yii\framework\web\CBaseController.php(139): CWidgetFactory->createWidget(Object(SiteController), 'CActiveForm', Array)
#2 C:\wamp\www\yii\framework\web\CBaseController.php(182): CBaseController->createWidget('CActiveForm', Array)
#3 C:\wamp\www\datepicker\protected\views\site\login.php(23): CBaseController->beginWidget('CActiveForm', Array)
#4 C:\wamp\www\yii\framework\web\CBaseController.php(119): require('C:\wamp\www\dat...')
#5 C:\wamp\www\yii\framework\web\CBaseController.php(88): CBaseController->renderInternal('C:\wamp\www\dat...', Array, true)
#6 C:\wamp\www\yii\framework\web\CController.php(866): CBaseController->renderFile('C:\wamp\www\dat...', Array, true)
#7 C:\wamp\www\yii\framework\web\CController.php(779): CController->renderPartial('login', Array, true)
#8 C:\wamp\www\datepicker\protected\controllers\SiteController.php(92): CController->render('login', Array)
#9 C:\wamp\www\yii\framework\web\actions\CInlineAction.php(50): SiteController->actionLogin()
#10 C:\wamp\www\yii\framework\web\CController.php(300): CInlineAction->runWithParams(Array)
#11 C:\wamp\www\yii\framework\web\CController.php(278): CController->runAction(Object(CInlineAction))
#12 C:\wamp\www\yii\framework\web\CController.php(257): CController->runActionWithFilters(Object(CInlineAction), Array)
#13 C:\wamp\www\yii\framework\web\CWebApplication.php(277): CController->run('login')
#14 C:\wamp\www\yii\framework\web\CWebApplication.php(136): CWebApplication->runController('site/login')
#15 C:\wamp\www\yii\framework\base\CApplication.php(158): CWebApplication->processRequest()
#16 C:\wamp\www\datepicker\index.php(13): CApplication->run()
#17 {main} REQUEST_URI=/datepicker/index.php?r=site/login
